[debug] [2026-02-02T18:50:28.917Z] ----------------------------------------------------------------------
[debug] [2026-02-02T18:50:28.920Z] Command:       C:\Program Files\nodejs\node.exe C:\Users\theas\AppData\Roaming\npm\node_modules\firebase-tools\lib\bin\firebase.js init
[debug] [2026-02-02T18:50:28.920Z] CLI Version:   15.5.1
[debug] [2026-02-02T18:50:28.920Z] Platform:      win32
[debug] [2026-02-02T18:50:28.920Z] Node Version:  v24.11.0
[debug] [2026-02-02T18:50:28.920Z] Time:          Tue Feb 03 2026 00:50:28 GMT+0600 (Bangladesh Standard Time)
[debug] [2026-02-02T18:50:28.920Z] ----------------------------------------------------------------------
[debug] 
[info] 
     ######## #### ########  ######## ########     ###     ######  ########
     ##        ##  ##     ## ##       ##     ##  ##   ##  ##       ##
     ######    ##  ########  ######   ########  #########  ######  ######
     ##        ##  ##    ##  ##       ##     ## ##     ##       ## ##
     ##       #### ##     ## ######## ########  ##     ##  ######  ########

You're about to initialize a Firebase project in this directory:

  F:\Izibay\izibay-frontend

[debug] [2026-02-02T18:52:38.572Z] ExitPromptError: User force closed the prompt with SIGINT
    at Interface.sigint (C:\Users\theas\AppData\Roaming\npm\node_modules\firebase-tools\node_modules\@inquirer\core\dist\commonjs\lib\create-prompt.js:101:37)
    at Interface.emit (node:events:508:28)
    at [_ttyWrite] [as _ttyWrite] (node:internal/readline/interface:1317:18)
    at ReadStream.onkeypress (node:internal/readline/interface:284:20)
    at ReadStream.emit (node:events:520:35)
    at emitKeys (node:internal/readline/utils:371:14)
    at emitKeys.next (<anonymous>)
    at ReadStream.onData (node:internal/readline/emitKeypressEvents:64:36)
    at ReadStream.emit (node:events:508:28)
    at addChunk (node:internal/streams/readable:559:12)
[error] 
[error] Error: An unexpected error has occurred.
